TN:
SF:/Volumes/x/code/playbook-pretend/lib/adapter.js
FN:17,(anonymous_0)
FN:29,(anonymous_1)
FN:41,(anonymous_2)
FN:55,(anonymous_3)
FN:67,(anonymous_4)
FN:78,(anonymous_5)
FN:93,(anonymous_6)
FN:94,(anonymous_7)
FN:108,(anonymous_8)
FN:109,(anonymous_9)
FN:120,(anonymous_10)
FN:121,(anonymous_11)
FN:133,(anonymous_12)
FN:141,(anonymous_13)
FNF:14
FNH:2
FNDA:16,(anonymous_0)
FNDA:0,(anonymous_1)
FNDA:0,(anonymous_2)
FNDA:0,(anonymous_3)
FNDA:0,(anonymous_4)
FNDA:0,(anonymous_5)
FNDA:0,(anonymous_6)
FNDA:0,(anonymous_7)
FNDA:0,(anonymous_8)
FNDA:0,(anonymous_9)
FNDA:0,(anonymous_10)
FNDA:0,(anonymous_11)
FNDA:0,(anonymous_12)
FNDA:16,(anonymous_13)
DA:3,1
DA:5,1
DA:6,1
DA:18,16
DA:19,16
DA:20,16
DA:21,16
DA:22,16
DA:23,16
DA:30,0
DA:42,0
DA:43,0
DA:44,0
DA:45,0
DA:56,0
DA:57,0
DA:58,0
DA:68,0
DA:69,0
DA:79,0
DA:80,0
DA:81,0
DA:82,0
DA:94,0
DA:95,0
DA:96,0
DA:97,0
DA:98,0
DA:109,0
DA:110,0
DA:121,0
DA:122,0
DA:134,0
DA:135,0
DA:136,0
DA:140,1
DA:142,16
LF:37
LH:11
BRDA:44,0,0,0
BRDA:44,0,1,0
BRDA:57,1,0,0
BRDA:57,1,1,0
BRDA:81,2,0,0
BRDA:81,2,1,0
BRDA:96,3,0,0
BRDA:96,3,1,0
BRF:8
BRH:0
end_of_record
TN:
SF:/Volumes/x/code/playbook-pretend/lib/index.js
FNF:0
FNH:0
DA:1,1
LF:1
LH:1
BRF:0
BRH:0
end_of_record
TN:
SF:/Volumes/x/code/playbook-pretend/lib/modules.js
FNF:0
FNH:0
DA:4,1
DA:5,1
DA:6,1
DA:7,1
DA:8,1
DA:9,1
DA:23,1
DA:25,1
DA:44,1
LF:9
LH:9
BRF:0
BRH:0
end_of_record
TN:
SF:/Volumes/x/code/playbook-pretend/lib/observer.js
FN:27,(anonymous_0)
FN:42,(anonymous_1)
FN:46,(anonymous_2)
FN:49,(anonymous_3)
FN:52,(anonymous_4)
FN:60,(anonymous_5)
FN:85,(anonymous_6)
FN:95,(anonymous_7)
FN:106,(anonymous_8)
FN:114,(anonymous_9)
FN:123,(anonymous_10)
FN:124,(anonymous_11)
FN:125,(anonymous_12)
FN:144,(anonymous_13)
FN:148,(anonymous_14)
FN:149,(anonymous_15)
FN:183,(anonymous_16)
FN:187,(anonymous_17)
FN:188,(anonymous_18)
FN:223,(anonymous_19)
FN:228,(anonymous_20)
FN:229,(anonymous_21)
FNF:22
FNH:22
FNDA:34,(anonymous_0)
FNDA:35,(anonymous_1)
FNDA:22,(anonymous_2)
FNDA:22,(anonymous_3)
FNDA:22,(anonymous_4)
FNDA:18,(anonymous_5)
FNDA:17,(anonymous_6)
FNDA:12,(anonymous_7)
FNDA:12,(anonymous_8)
FNDA:1,(anonymous_9)
FNDA:1,(anonymous_10)
FNDA:1,(anonymous_11)
FNDA:1,(anonymous_12)
FNDA:4,(anonymous_13)
FNDA:4,(anonymous_14)
FNDA:8,(anonymous_15)
FNDA:4,(anonymous_16)
FNDA:4,(anonymous_17)
FNDA:8,(anonymous_18)
FNDA:2,(anonymous_19)
FNDA:2,(anonymous_20)
FNDA:4,(anonymous_21)
DA:3,1
DA:28,34
DA:29,34
DA:43,35
DA:47,22
DA:50,22
DA:51,22
DA:52,22
DA:53,22
DA:56,22
DA:59,35
DA:60,35
DA:61,18
DA:63,35
DA:77,35
DA:86,17
DA:96,12
DA:97,12
DA:98,12
DA:107,12
DA:115,1
DA:124,1
DA:125,1
DA:126,1
DA:127,1
DA:145,4
DA:146,4
DA:147,4
DA:148,4
DA:149,4
DA:150,8
DA:151,8
DA:152,8
DA:153,8
DA:154,8
DA:155,4
DA:156,4
DA:157,3
DA:163,1
DA:164,1
DA:184,4
DA:185,4
DA:186,4
DA:187,4
DA:188,4
DA:189,8
DA:191,8
DA:192,8
DA:193,8
DA:194,8
DA:195,4
DA:196,4
DA:197,3
DA:204,1
DA:205,1
DA:224,2
DA:225,2
DA:226,2
DA:227,2
DA:228,2
DA:229,2
DA:230,4
DA:232,4
DA:233,4
DA:234,2
DA:235,2
DA:246,1
LF:67
LH:67
BRDA:27,0,0,0
BRDA:29,1,0,34
BRDA:29,1,1,0
BRDA:107,2,0,12
BRDA:107,2,1,0
BRDA:146,3,0,2
BRDA:146,3,1,2
BRDA:147,4,0,1
BRDA:147,4,1,3
BRDA:150,5,0,2
BRDA:150,5,1,6
BRDA:154,6,0,4
BRDA:154,6,1,4
BRDA:154,7,0,8
BRDA:154,7,1,5
BRDA:156,8,0,3
BRDA:156,8,1,1
BRDA:163,9,0,1
BRDA:163,9,1,0
BRDA:185,10,0,2
BRDA:185,10,1,2
BRDA:186,11,0,1
BRDA:186,11,1,3
BRDA:189,12,0,2
BRDA:189,12,1,6
BRDA:194,13,0,4
BRDA:194,13,1,4
BRDA:194,14,0,8
BRDA:194,14,1,5
BRDA:196,15,0,3
BRDA:196,15,1,1
BRDA:204,16,0,1
BRDA:204,16,1,0
BRDA:225,17,0,2
BRDA:225,17,1,0
BRDA:226,18,0,1
BRDA:226,18,1,1
BRDA:227,19,0,0
BRDA:227,19,1,2
BRDA:227,20,0,2
BRDA:227,20,1,0
BRDA:230,21,0,2
BRDA:230,21,1,2
BRDA:233,22,0,2
BRDA:233,22,1,2
BRF:45
BRH:37
end_of_record
TN:
SF:/Volumes/x/code/playbook-pretend/lib/pretend.js
FN:32,read
FN:70,start
FN:82,(anonymous_2)
FN:83,(anonymous_3)
FN:96,shutdown
FN:105,reset
FN:117,clear
FN:127,load
FN:130,(anonymous_8)
FN:141,userSend
FN:151,userEnter
FN:161,userLeave
FN:171,userPrivates
FN:180,roomMessages
FN:181,(anonymous_14)
FN:182,(anonymous_15)
FN:193,roomReceive
FN:204,roomEnter
FN:215,roomLeave
FN:228,user
FN:232,(anonymous_20)
FN:235,(anonymous_21)
FN:238,(anonymous_22)
FN:241,(anonymous_23)
FN:256,room
FN:263,(anonymous_25)
FN:266,(anonymous_26)
FN:269,(anonymous_27)
FN:272,(anonymous_28)
FN:292,response
FN:301,lastReceive
FN:310,lastListen
FN:319,lastRespond
FNF:33
FNH:8
FNDA:15,read
FNDA:31,start
FNDA:0,(anonymous_2)
FNDA:0,(anonymous_3)
FNDA:43,shutdown
FNDA:44,reset
FNDA:38,clear
FNDA:15,load
FNDA:0,(anonymous_8)
FNDA:0,userSend
FNDA:0,userEnter
FNDA:0,userLeave
FNDA:0,userPrivates
FNDA:0,roomMessages
FNDA:0,(anonymous_14)
FNDA:0,(anonymous_15)
FNDA:0,roomReceive
FNDA:0,roomEnter
FNDA:0,roomLeave
FNDA:4,user
FNDA:0,(anonymous_20)
FNDA:0,(anonymous_21)
FNDA:0,(anonymous_22)
FNDA:0,(anonymous_23)
FNDA:3,room
FNDA:0,(anonymous_25)
FNDA:0,(anonymous_26)
FNDA:0,(anonymous_27)
FNDA:0,(anonymous_28)
FNDA:0,response
FNDA:0,lastReceive
FNDA:0,lastListen
FNDA:0,lastRespond
DA:3,1
DA:4,1
DA:5,1
DA:7,1
DA:8,1
DA:9,1
DA:12,1
DA:18,1
DA:33,15
DA:34,15
DA:35,15
DA:37,15
DA:38,15
DA:39,2
DA:40,20
DA:46,13
DA:54,15
DA:56,15
DA:71,31
DA:74,31
DA:75,31
DA:79,31
DA:82,0
DA:83,0
DA:86,0
DA:87,0
DA:89,0
DA:97,43
DA:98,43
DA:99,43
DA:106,44
DA:107,44
DA:108,44
DA:110,1
DA:118,38
DA:119,38
DA:128,15
DA:129,0
DA:130,0
DA:131,0
DA:142,0
DA:152,0
DA:162,0
DA:172,0
DA:181,0
DA:182,0
DA:194,0
DA:205,0
DA:216,0
DA:229,4
DA:230,3
DA:231,3
DA:232,3
DA:233,0
DA:235,3
DA:236,0
DA:238,3
DA:239,0
DA:241,3
DA:242,0
DA:244,3
DA:245,3
DA:257,3
DA:262,3
DA:263,0
DA:264,0
DA:266,0
DA:267,0
DA:269,0
DA:270,0
DA:272,0
DA:273,0
DA:275,0
DA:277,0
DA:293,0
DA:302,0
DA:311,0
DA:320,0
DA:324,1
DA:337,2
DA:338,1
DA:339,3
DA:340,1
DA:341,0
DA:342,0
DA:343,0
DA:344,0
DA:345,0
DA:346,0
DA:347,0
DA:348,0
LF:91
LH:48
BRDA:12,0,0,1
BRDA:12,0,1,0
BRDA:12,1,0,1
BRDA:12,1,1,1
BRDA:34,2,0,15
BRDA:34,2,1,0
BRDA:38,3,0,2
BRDA:38,3,1,13
BRDA:70,4,0,20
BRDA:82,5,0,0
BRDA:82,5,1,0
BRDA:83,6,0,0
BRDA:83,6,1,0
BRDA:97,7,0,0
BRDA:97,7,1,43
BRDA:128,8,0,15
BRDA:128,8,1,0
BRDA:228,9,0,4
BRDA:229,10,0,1
BRDA:229,10,1,3
BRDA:257,11,0,3
BRDA:257,11,1,0
BRDA:292,12,0,0
BRF:23
BRH:13
end_of_record
TN:
SF:/Volumes/x/code/playbook-pretend/lib/response.js
FN:15,(anonymous_0)
FN:18,(anonymous_1)
FN:29,(anonymous_2)
FNF:3
FNH:0
FNDA:0,(anonymous_0)
FNDA:0,(anonymous_1)
FNDA:0,(anonymous_2)
DA:3,1
DA:4,1
DA:16,0
DA:18,0
DA:19,0
DA:20,0
DA:22,0
DA:30,0
DA:34,1
LF:9
LH:3
BRF:0
BRH:0
end_of_record
TN:
SF:/Volumes/x/code/playbook-pretend/lib/robot.js
FN:23,(anonymous_0)
FN:40,(anonymous_1)
FN:47,(anonymous_2)
FN:54,(anonymous_3)
FN:63,(anonymous_4)
FN:80,(anonymous_5)
FN:94,(anonymous_6)
FN:102,(anonymous_7)
FNF:8
FNH:2
FNDA:32,(anonymous_0)
FNDA:0,(anonymous_1)
FNDA:0,(anonymous_2)
FNDA:0,(anonymous_3)
FNDA:1,(anonymous_4)
FNDA:0,(anonymous_5)
FNDA:0,(anonymous_6)
FNDA:0,(anonymous_7)
DA:3,1
DA:4,1
DA:5,1
DA:6,1
DA:7,1
DA:8,1
DA:10,1
DA:12,1
DA:25,32
DA:26,32
DA:28,32
DA:29,1
DA:30,1
DA:31,1
DA:40,1
DA:41,0
DA:42,0
DA:44,0
DA:45,0
DA:47,1
DA:48,0
DA:49,0
DA:51,0
DA:52,0
DA:54,1
DA:55,0
DA:56,0
DA:57,0
DA:60,1
DA:63,1
DA:64,1
DA:65,0
DA:81,0
DA:82,0
DA:95,0
DA:96,0
DA:103,0
DA:104,0
DA:108,1
LF:39
LH:21
BRDA:41,0,0,0
BRDA:41,0,1,0
BRDA:48,1,0,0
BRDA:48,1,1,0
BRF:4
BRH:0
end_of_record
TN:
SF:/Volumes/x/code/playbook-pretend/lib/room.js
FN:12,(anonymous_0)
FNF:1
FNH:0
FNDA:0,(anonymous_0)
DA:3,1
DA:13,0
DA:14,0
DA:15,0
DA:20,1
LF:5
LH:2
BRDA:12,0,0,0
BRDA:14,1,0,0
BRDA:14,1,1,0
BRF:3
BRH:0
end_of_record
TN:
SF:/Volumes/x/code/playbook-pretend/lib/user.js
FN:16,(anonymous_0)
FN:33,(anonymous_1)
FNF:2
FNH:1
FNDA:3,(anonymous_0)
FNDA:0,(anonymous_1)
DA:3,1
DA:4,1
DA:18,3
DA:19,3
DA:20,3
DA:21,3
DA:22,3
DA:23,3
DA:24,3
DA:34,0
DA:35,0
DA:36,0
DA:40,1
LF:13
LH:10
BRDA:18,0,0,0
BRDA:18,0,1,3
BRDA:19,1,0,3
BRDA:19,1,1,0
BRDA:20,2,0,0
BRDA:20,2,1,3
BRDA:21,3,0,0
BRDA:21,3,1,3
BRDA:22,4,0,0
BRDA:22,4,1,3
BRDA:35,5,0,0
BRDA:35,5,1,0
BRF:12
BRH:5
end_of_record
